<?xml version="1.0" encoding="UTF-8"?>
<!-- Generated by org.testng.reporters.JUnitXMLReporter -->
<testsuite hostname="LAPTOP-7HTMUAGA" name="Default test" tests="3" failures="0" timestamp="27 Dec 2019 05:39:03 GMT" time="0.021" errors="0">
  <testcase name="mA" time="0.008" classname="com.selenium.automation.scripts.Grouping_mechanism"/>
  <testcase name="mB" time="0.0" classname="com.selenium.automation.scripts.Grouping_mechanism"/>
  <testcase name="m3" time="0.001" classname="com.selenium.automation.scripts.Grouping_mechanism"/>
</testsuite> <!-- Default test -->
