<?xml version="1.0" encoding="UTF-8"?>
<!-- Generated by org.testng.reporters.JUnitXMLReporter -->
<testsuite hostname="LAPTOP-7HTMUAGA" name="Test1" tests="1" failures="0" timestamp="6 Jan 2020 14:39:45 GMT" time="0.01" errors="0">
  <testcase name="@BeforeSuite openBrowser" time="0.0" classname="com.selenium.automation.scripts.Gmail1">
    <failure type="java.io.FileNotFoundException" message="null\TestData\Exceldata1.xlsx (The system cannot find the path specified)">
      <![CDATA[java.io.FileNotFoundException: null\TestData\Exceldata1.xlsx (The system cannot find the path specified)
	at java.io.FileInputStream.open0(Native Method)
	at java.io.FileInputStream.open(FileInputStream.java:195)
	at java.io.FileInputStream.<init>(FileInputStream.java:138)
	at java.io.FileInputStream.<init>(FileInputStream.java:93)
	at com.selenium.automation.supporters.ExcelReader1.<init>(ExcelReader1.java:38)
	at com.selenium.automation.utilities.POJOSupporters1.getExcRea1(POJOSupporters1.java:25)
	at com.selenium.automation.base.BaseEngine1.openBrowser(BaseEngine1.java:37)
... Removed 18 stack frames]]>
    </failure>
  </testcase> <!-- @BeforeSuite openBrowser -->
  <testcase name="@BeforeMethod beforeMethod" time="0.0" classname="com.selenium.automation.scripts.Gmail1">
    <skipped/>
  </testcase> <!-- @BeforeMethod beforeMethod -->
  <testcase name="@AfterMethod afterMethod" time="0.0" classname="com.selenium.automation.scripts.Gmail1">
    <skipped/>
  </testcase> <!-- @AfterMethod afterMethod -->
  <testcase name="gmailLogin" time="0.0" classname="com.selenium.automation.scripts.Gmail1">
    <skipped/>
  </testcase> <!-- gmailLogin -->
</testsuite> <!-- Test1 -->
